# JRE version: OpenJDK Runtime Environment (8.0_242-b01) (build 1.8.0_242-release-1644-b01)
# Java VM: OpenJDK 64-Bit Server VM (25.242-b01 mixed mode windows-amd64 compressed oops)
Heap:
 PSYoungGen      total 124928K, used 115712K [0x00000000d5580000, 0x00000000dd880000, 0x0000000100000000)
  eden space 115712K, 100% used [0x00000000d5580000,0x00000000dc680000,0x00000000dc680000)
  from space 9216K, 0% used [0x00000000dcf80000,0x00000000dcf80000,0x00000000dd880000)
  to   space 9216K, 62% used [0x00000000dc680000,0x00000000dcc1c010,0x00000000dcf80000)
 ParOldGen       total 93184K, used 8468K [0x0000000080000000, 0x0000000085b00000, 0x00000000d5580000)
  object space 93184K, 9% used [0x0000000080000000,0x0000000080845298,0x0000000085b00000)
 Metaspace       used 31691K, capacity 32824K, committed 33024K, reserved 1077248K
  class space    used 4284K, capacity 4583K, committed 4608K, reserved 1048576K
GC Heap History (10 events):
Event: 0.833 GC heap after
Heap after GC invocations=1 (full 0):
 PSYoungGen      total 67072K, used 5274K [0x00000000d5580000, 0x00000000da000000, 0x0000000100000000)
  eden space 57856K, 0% used [0x00000000d5580000,0x00000000d5580000,0x00000000d8e00000)
  from space 9216K, 57% used [0x00000000d8e00000,0x00000000d9326910,0x00000000d9700000)
  to   space 9216K, 0% used [0x00000000d9700000,0x00000000d9700000,0x00000000da000000)
 ParOldGen       total 153088K, used 16K [0x0000000080000000, 0x0000000089580000, 0x00000000d5580000)
  object space 153088K, 0% used [0x0000000080000000,0x0000000080004000,0x0000000089580000)
 Metaspace       used 7670K, capacity 7912K, committed 8064K, reserved 1056768K
  class space    used 937K, capacity 1039K, committed 1152K, reserved 1048576K
}
Event: 1.413 GC heap before
{Heap before GC invocations=2 (full 0):
 PSYoungGen      total 67072K, used 63130K [0x00000000d5580000, 0x00000000da000000, 0x0000000100000000)
  eden space 57856K, 100% used [0x00000000d5580000,0x00000000d8e00000,0x00000000d8e00000)
  from space 9216K, 57% used [0x00000000d8e00000,0x00000000d9326910,0x00000000d9700000)
  to   space 9216K, 0% used [0x00000000d9700000,0x00000000d9700000,0x00000000da000000)
 ParOldGen       total 153088K, used 16K [0x0000000080000000, 0x0000000089580000, 0x00000000d5580000)
  object space 153088K, 0% used [0x0000000080000000,0x0000000080004000,0x0000000089580000)
 Metaspace       used 13006K, capacity 13392K, committed 13440K, reserved 1060864K
  class space    used 1782K, capacity 1898K, committed 1920K, reserved 1048576K
Event: 1.422 GC heap after
Heap after GC invocations=2 (full 0):
 PSYoungGen      total 67072K, used 7665K [0x00000000d5580000, 0x00000000dd880000, 0x0000000100000000)
  eden space 57856K, 0% used [0x00000000d5580000,0x00000000d5580000,0x00000000d8e00000)
  from space 9216K, 83% used [0x00000000d9700000,0x00000000d9e7c520,0x00000000da000000)
  to   space 9216K, 0% used [0x00000000d8e00000,0x00000000d8e00000,0x00000000d9700000)
 ParOldGen       total 153088K, used 24K [0x0000000080000000, 0x0000000089580000, 0x00000000d5580000)
  object space 153088K, 0% used [0x0000000080000000,0x0000000080006000,0x0000000089580000)
 Metaspace       used 13006K, capacity 13392K, committed 13440K, reserved 1060864K
  class space    used 1782K, capacity 1898K, committed 1920K, reserved 1048576K
}
Event: 1.901 GC heap before
{Heap before GC invocations=3 (full 0):
 PSYoungGen      total 67072K, used 65521K [0x00000000d5580000, 0x00000000dd880000, 0x0000000100000000)
  eden space 57856K, 100% used [0x00000000d5580000,0x00000000d8e00000,0x00000000d8e00000)
  from space 9216K, 83% used [0x00000000d9700000,0x00000000d9e7c520,0x00000000da000000)
  to   space 9216K, 0% used [0x00000000d8e00000,0x00000000d8e00000,0x00000000d9700000)
 ParOldGen       total 153088K, used 24K [0x0000000080000000, 0x0000000089580000, 0x00000000d5580000)
  object space 153088K, 0% used [0x0000000080000000,0x0000000080006000,0x0000000089580000)
 Metaspace       used 18438K, capacity 19092K, committed 19200K, reserved 1064960K
  class space    used 2523K, capacity 2720K, committed 2816K, reserved 1048576K
Event: 1.913 GC heap after
Heap after GC invocations=3 (full 0):
 PSYoungGen      total 67072K, used 9208K [0x00000000d5580000, 0x00000000dd880000, 0x0000000100000000)
  eden space 57856K, 0% used [0x00000000d5580000,0x00000000d5580000,0x00000000d8e00000)
  from space 9216K, 99% used [0x00000000d8e00000,0x00000000d96fe0e0,0x00000000d9700000)
  to   space 9216K, 0% used [0x00000000dcf80000,0x00000000dcf80000,0x00000000dd880000)
 ParOldGen       total 153088K, used 1469K [0x0000000080000000, 0x0000000089580000, 0x00000000d5580000)
  object space 153088K, 0% used [0x0000000080000000,0x000000008016f448,0x0000000089580000)
 Metaspace       used 18438K, capacity 19092K, committed 19200K, reserved 1064960K
  class space    used 2523K, capacity 2720K, committed 2816K, reserved 1048576K
}
Event: 2.153 GC heap before
{Heap before GC invocations=4 (full 0):
 PSYoungGen      total 67072K, used 33433K [0x00000000d5580000, 0x00000000dd880000, 0x0000000100000000)
  eden space 57856K, 41% used [0x00000000d5580000,0x00000000d6d28508,0x00000000d8e00000)
  from space 9216K, 99% used [0x00000000d8e00000,0x00000000d96fe0e0,0x00000000d9700000)
  to   space 9216K, 0% used [0x00000000dcf80000,0x00000000dcf80000,0x00000000dd880000)
 ParOldGen       total 153088K, used 1469K [0x0000000080000000, 0x0000000089580000, 0x00000000d5580000)
  object space 153088K, 0% used [0x0000000080000000,0x000000008016f448,0x0000000089580000)
 Metaspace       used 20464K, capacity 21168K, committed 21248K, reserved 1067008K
  class space    used 2856K, capacity 3040K, committed 3072K, reserved 1048576K
Event: 2.159 GC heap after
Heap after GC invocations=4 (full 0):
 PSYoungGen      total 124928K, used 8673K [0x00000000d5580000, 0x00000000dd880000, 0x0000000100000000)
  eden space 115712K, 0% used [0x00000000d5580000,0x00000000d5580000,0x00000000dc680000)
  from space 9216K, 94% used [0x00000000dcf80000,0x00000000dd7f8430,0x00000000dd880000)
  to   space 9216K, 0% used [0x00000000dc680000,0x00000000dc680000,0x00000000dcf80000)
 ParOldGen       total 153088K, used 1477K [0x0000000080000000, 0x0000000089580000, 0x00000000d5580000)
  object space 153088K, 0% used [0x0000000080000000,0x0000000080171448,0x0000000089580000)
 Metaspace       used 20464K, capacity 21168K, committed 21248K, reserved 1067008K
  class space    used 2856K, capacity 3040K, committed 3072K, reserved 1048576K
}
Event: 2.159 GC heap before
{Heap before GC invocations=5 (full 1):
 PSYoungGen      total 124928K, used 8673K [0x00000000d5580000, 0x00000000dd880000, 0x0000000100000000)
  eden space 115712K, 0% used [0x00000000d5580000,0x00000000d5580000,0x00000000dc680000)
  from space 9216K, 94% used [0x00000000dcf80000,0x00000000dd7f8430,0x00000000dd880000)
  to   space 9216K, 0% used [0x00000000dc680000,0x00000000dc680000,0x00000000dcf80000)
 ParOldGen       total 153088K, used 1477K [0x0000000080000000, 0x0000000089580000, 0x00000000d5580000)
  object space 153088K, 0% used [0x0000000080000000,0x0000000080171448,0x0000000089580000)
 Metaspace       used 20464K, capacity 21168K, committed 21248K, reserved 1067008K
  class space    used 2856K, capacity 3040K, committed 3072K, reserved 1048576K
Event: 2.189 GC heap after
Heap after GC invocations=5 (full 1):
 PSYoungGen      total 124928K, used 0K [0x00000000d5580000, 0x00000000dd880000, 0x0000000100000000)
  eden space 115712K, 0% used [0x00000000d5580000,0x00000000d5580000,0x00000000dc680000)
  from space 9216K, 0% used [0x00000000dcf80000,0x00000000dcf80000,0x00000000dd880000)
  to   space 9216K, 0% used [0x00000000dc680000,0x00000000dc680000,0x00000000dcf80000)
 ParOldGen       total 93184K, used 8460K [0x0000000080000000, 0x0000000085b00000, 0x00000000d5580000)
  object space 93184K, 9% used [0x0000000080000000,0x0000000080843298,0x0000000085b00000)
 Metaspace       used 20464K, capacity 21168K, committed 21248K, reserved 1067008K
  class space    used 2856K, capacity 3040K, committed 3072K, reserved 1048576K
}
Event: 3.188 GC heap before
{Heap before GC invocations=6 (full 1):
 PSYoungGen      total 124928K, used 115712K [0x00000000d5580000, 0x00000000dd880000, 0x0000000100000000)
  eden space 115712K, 100% used [0x00000000d5580000,0x00000000dc680000,0x00000000dc680000)
  from space 9216K, 0% used [0x00000000dcf80000,0x00000000dcf80000,0x00000000dd880000)
  to   space 9216K, 0% used [0x00000000dc680000,0x00000000dc680000,0x00000000dcf80000)
 ParOldGen       total 93184K, used 8460K [0x0000000080000000, 0x0000000085b00000, 0x00000000d5580000)
  object space 93184K, 9% used [0x0000000080000000,0x0000000080843298,0x0000000085b00000)
 Metaspace       used 31691K, capacity 32824K, committed 33024K, reserved 1077248K
  class space    used 4284K, capacity 4583K, committed 4608K, reserved 1048576K

